[2024-12-26 23:14:39 +0000] [1] [INFO] Starting gunicorn 20.1.0
[2024-12-26 23:14:39 +0000] [1] [INFO] Listening at: http://0.0.0.0:8000 (1)
[2024-12-26 23:14:39 +0000] [1] [INFO] Using worker: sync
[2024-12-26 23:14:39 +0000] [8] [INFO] Booting worker with pid: 8
[2024-12-26 23:14:39 +0000] [8] [ERROR] Exception in worker process
Traceback (most recent call last):
  File "/usr/lib/python3/dist-packages/gunicorn/arbiter.py", line 589, in spawn_worker
    worker.init_process()
  File "/usr/lib/python3/dist-packages/gunicorn/workers/base.py", line 134, in init_process
    self.load_wsgi()
  File "/usr/lib/python3/dist-packages/gunicorn/workers/base.py", line 146, in load_wsgi
    self.wsgi = self.app.wsgi()
                ^^^^^^^^^^^^^^^
  File "/usr/lib/python3/dist-packages/gunicorn/app/base.py", line 67, in wsgi
    self.callable = self.load()
                    ^^^^^^^^^^^
  File "/usr/lib/python3/dist-packages/gunicorn/app/wsgiapp.py", line 58, in load
    return self.load_wsgiapp()
           ^^^^^^^^^^^^^^^^^^^
  File "/usr/lib/python3/dist-packages/gunicorn/app/wsgiapp.py", line 48, in load_wsgiapp
    return util.import_app(self.app_uri)
           ^^^^^^^^^^^^^^^^^^^^^^^^^^^^^
  File "/usr/lib/python3/dist-packages/gunicorn/util.py", line 384, in import_app
    mod = importlib.import_module(module)
          ^^^^^^^^^^^^^^^^^^^^^^^^^^^^^^^
  File "/usr/lib/python3.11/importlib/__init__.py", line 126, in import_module
    return _bootstrap._gcd_import(name[level:], package, level)
           ^^^^^^^^^^^^^^^^^^^^^^^^^^^^^^^^^^^^^^^^^^^^^^^^^^^^
  File "<frozen importlib._bootstrap>", line 1206, in _gcd_import
  File "<frozen importlib._bootstrap>", line 1178, in _find_and_load
  File "<frozen importlib._bootstrap>", line 1149, in _find_and_load_unlocked
  File "<frozen importlib._bootstrap>", line 690, in _load_unlocked
  File "<frozen importlib._bootstrap_external>", line 940, in exec_module
  File "<frozen importlib._bootstrap>", line 241, in _call_with_frames_removed
  File "/app/pyramids_medicine/wsgi.py", line 3, in <module>
    from django.core.wsgi import get_wsgi_application
ModuleNotFoundError: No module named 'django'
[2024-12-26 23:14:39 +0000] [8] [INFO] Worker exiting (pid: 8)
[2024-12-26 23:14:39 +0000] [1] [INFO] Shutting down: Master
[2024-12-26 23:14:39 +0000] [1] [INFO] Reason: Worker failed to boot.
[2024-12-26 23:17:40 +0000] [1] [INFO] Starting gunicorn 20.1.0
[2024-12-26 23:17:40 +0000] [1] [INFO] Listening at: http://0.0.0.0:8000 (1)
[2024-12-26 23:17:40 +0000] [1] [INFO] Using worker: sync
[2024-12-26 23:17:40 +0000] [7] [INFO] Booting worker with pid: 7
[2024-12-26 23:17:40 +0000] [7] [ERROR] Exception in worker process
Traceback (most recent call last):
  File "/usr/lib/python3/dist-packages/gunicorn/arbiter.py", line 589, in spawn_worker
    worker.init_process()
  File "/usr/lib/python3/dist-packages/gunicorn/workers/base.py", line 134, in init_process
    self.load_wsgi()
  File "/usr/lib/python3/dist-packages/gunicorn/workers/base.py", line 146, in load_wsgi
    self.wsgi = self.app.wsgi()
                ^^^^^^^^^^^^^^^
  File "/usr/lib/python3/dist-packages/gunicorn/app/base.py", line 67, in wsgi
    self.callable = self.load()
                    ^^^^^^^^^^^
  File "/usr/lib/python3/dist-packages/gunicorn/app/wsgiapp.py", line 58, in load
    return self.load_wsgiapp()
           ^^^^^^^^^^^^^^^^^^^
  File "/usr/lib/python3/dist-packages/gunicorn/app/wsgiapp.py", line 48, in load_wsgiapp
    return util.import_app(self.app_uri)
           ^^^^^^^^^^^^^^^^^^^^^^^^^^^^^
  File "/usr/lib/python3/dist-packages/gunicorn/util.py", line 384, in import_app
    mod = importlib.import_module(module)
          ^^^^^^^^^^^^^^^^^^^^^^^^^^^^^^^
  File "/usr/lib/python3.11/importlib/__init__.py", line 126, in import_module
    return _bootstrap._gcd_import(name[level:], package, level)
           ^^^^^^^^^^^^^^^^^^^^^^^^^^^^^^^^^^^^^^^^^^^^^^^^^^^^
  File "<frozen importlib._bootstrap>", line 1206, in _gcd_import
  File "<frozen importlib._bootstrap>", line 1178, in _find_and_load
  File "<frozen importlib._bootstrap>", line 1149, in _find_and_load_unlocked
  File "<frozen importlib._bootstrap>", line 690, in _load_unlocked
  File "<frozen importlib._bootstrap_external>", line 940, in exec_module
  File "<frozen importlib._bootstrap>", line 241, in _call_with_frames_removed
  File "/app/pyramids_medicine/wsgi.py", line 3, in <module>
    from django.core.wsgi import get_wsgi_application
ModuleNotFoundError: No module named 'django'
[2024-12-26 23:17:40 +0000] [7] [INFO] Worker exiting (pid: 7)
[2024-12-26 23:17:40 +0000] [1] [INFO] Shutting down: Master
[2024-12-26 23:17:40 +0000] [1] [INFO] Reason: Worker failed to boot.
[2024-12-26 23:18:18 +0000] [1] [INFO] Starting gunicorn 20.1.0
[2024-12-26 23:18:18 +0000] [1] [INFO] Listening at: http://0.0.0.0:8000 (1)
[2024-12-26 23:18:18 +0000] [1] [INFO] Using worker: sync
[2024-12-26 23:18:18 +0000] [7] [INFO] Booting worker with pid: 7
[2024-12-26 23:18:18 +0000] [7] [ERROR] Exception in worker process
Traceback (most recent call last):
  File "/usr/lib/python3/dist-packages/gunicorn/arbiter.py", line 589, in spawn_worker
    worker.init_process()
  File "/usr/lib/python3/dist-packages/gunicorn/workers/base.py", line 134, in init_process
    self.load_wsgi()
  File "/usr/lib/python3/dist-packages/gunicorn/workers/base.py", line 146, in load_wsgi
    self.wsgi = self.app.wsgi()
                ^^^^^^^^^^^^^^^
  File "/usr/lib/python3/dist-packages/gunicorn/app/base.py", line 67, in wsgi
    self.callable = self.load()
                    ^^^^^^^^^^^
  File "/usr/lib/python3/dist-packages/gunicorn/app/wsgiapp.py", line 58, in load
    return self.load_wsgiapp()
           ^^^^^^^^^^^^^^^^^^^
  File "/usr/lib/python3/dist-packages/gunicorn/app/wsgiapp.py", line 48, in load_wsgiapp
    return util.import_app(self.app_uri)
           ^^^^^^^^^^^^^^^^^^^^^^^^^^^^^
  File "/usr/lib/python3/dist-packages/gunicorn/util.py", line 384, in import_app
    mod = importlib.import_module(module)
          ^^^^^^^^^^^^^^^^^^^^^^^^^^^^^^^
  File "/usr/lib/python3.11/importlib/__init__.py", line 126, in import_module
    return _bootstrap._gcd_import(name[level:], package, level)
           ^^^^^^^^^^^^^^^^^^^^^^^^^^^^^^^^^^^^^^^^^^^^^^^^^^^^
  File "<frozen importlib._bootstrap>", line 1206, in _gcd_import
  File "<frozen importlib._bootstrap>", line 1178, in _find_and_load
  File "<frozen importlib._bootstrap>", line 1149, in _find_and_load_unlocked
  File "<frozen importlib._bootstrap>", line 690, in _load_unlocked
  File "<frozen importlib._bootstrap_external>", line 940, in exec_module
  File "<frozen importlib._bootstrap>", line 241, in _call_with_frames_removed
  File "/app/pyramids_medicine/wsgi.py", line 3, in <module>
    from django.core.wsgi import get_wsgi_application
ModuleNotFoundError: No module named 'django'
[2024-12-26 23:18:18 +0000] [7] [INFO] Worker exiting (pid: 7)
[2024-12-26 23:18:18 +0000] [1] [INFO] Shutting down: Master
[2024-12-26 23:18:18 +0000] [1] [INFO] Reason: Worker failed to boot.
[2024-12-26 23:19:01 +0000] [1] [INFO] Starting gunicorn 20.1.0
[2024-12-26 23:19:01 +0000] [1] [INFO] Listening at: http://0.0.0.0:8000 (1)
[2024-12-26 23:19:01 +0000] [1] [INFO] Using worker: sync
[2024-12-26 23:19:01 +0000] [7] [INFO] Booting worker with pid: 7
[2024-12-26 23:19:01 +0000] [7] [ERROR] Exception in worker process
Traceback (most recent call last):
  File "/usr/lib/python3/dist-packages/gunicorn/arbiter.py", line 589, in spawn_worker
    worker.init_process()
  File "/usr/lib/python3/dist-packages/gunicorn/workers/base.py", line 134, in init_process
    self.load_wsgi()
  File "/usr/lib/python3/dist-packages/gunicorn/workers/base.py", line 146, in load_wsgi
    self.wsgi = self.app.wsgi()
                ^^^^^^^^^^^^^^^
  File "/usr/lib/python3/dist-packages/gunicorn/app/base.py", line 67, in wsgi
    self.callable = self.load()
                    ^^^^^^^^^^^
  File "/usr/lib/python3/dist-packages/gunicorn/app/wsgiapp.py", line 58, in load
    return self.load_wsgiapp()
           ^^^^^^^^^^^^^^^^^^^
  File "/usr/lib/python3/dist-packages/gunicorn/app/wsgiapp.py", line 48, in load_wsgiapp
    return util.import_app(self.app_uri)
           ^^^^^^^^^^^^^^^^^^^^^^^^^^^^^
  File "/usr/lib/python3/dist-packages/gunicorn/util.py", line 384, in import_app
    mod = importlib.import_module(module)
          ^^^^^^^^^^^^^^^^^^^^^^^^^^^^^^^
  File "/usr/lib/python3.11/importlib/__init__.py", line 126, in import_module
    return _bootstrap._gcd_import(name[level:], package, level)
           ^^^^^^^^^^^^^^^^^^^^^^^^^^^^^^^^^^^^^^^^^^^^^^^^^^^^
  File "<frozen importlib._bootstrap>", line 1206, in _gcd_import
  File "<frozen importlib._bootstrap>", line 1178, in _find_and_load
  File "<frozen importlib._bootstrap>", line 1149, in _find_and_load_unlocked
  File "<frozen importlib._bootstrap>", line 690, in _load_unlocked
  File "<frozen importlib._bootstrap_external>", line 940, in exec_module
  File "<frozen importlib._bootstrap>", line 241, in _call_with_frames_removed
  File "/app/pyramids_medicine/wsgi.py", line 3, in <module>
    from django.core.wsgi import get_wsgi_application
ModuleNotFoundError: No module named 'django'
[2024-12-26 23:19:01 +0000] [7] [INFO] Worker exiting (pid: 7)
[2024-12-26 23:19:01 +0000] [1] [INFO] Shutting down: Master
[2024-12-26 23:19:01 +0000] [1] [INFO] Reason: Worker failed to boot.
[2024-12-26 23:19:32 +0000] [16] [INFO] Starting gunicorn 20.1.0
[2024-12-26 23:19:32 +0000] [16] [INFO] Listening at: http://0.0.0.0:8001 (16)
[2024-12-26 23:19:32 +0000] [16] [INFO] Using worker: sync
[2024-12-26 23:19:32 +0000] [17] [INFO] Booting worker with pid: 17
[2024-12-26 23:19:32 +0000] [17] [ERROR] Exception in worker process
Traceback (most recent call last):
  File "/usr/lib/python3/dist-packages/gunicorn/arbiter.py", line 589, in spawn_worker
    worker.init_process()
  File "/usr/lib/python3/dist-packages/gunicorn/workers/base.py", line 134, in init_process
    self.load_wsgi()
  File "/usr/lib/python3/dist-packages/gunicorn/workers/base.py", line 146, in load_wsgi
    self.wsgi = self.app.wsgi()
                ^^^^^^^^^^^^^^^
  File "/usr/lib/python3/dist-packages/gunicorn/app/base.py", line 67, in wsgi
    self.callable = self.load()
                    ^^^^^^^^^^^
  File "/usr/lib/python3/dist-packages/gunicorn/app/wsgiapp.py", line 58, in load
    return self.load_wsgiapp()
           ^^^^^^^^^^^^^^^^^^^
  File "/usr/lib/python3/dist-packages/gunicorn/app/wsgiapp.py", line 48, in load_wsgiapp
    return util.import_app(self.app_uri)
           ^^^^^^^^^^^^^^^^^^^^^^^^^^^^^
  File "/usr/lib/python3/dist-packages/gunicorn/util.py", line 384, in import_app
    mod = importlib.import_module(module)
          ^^^^^^^^^^^^^^^^^^^^^^^^^^^^^^^
  File "/usr/lib/python3.11/importlib/__init__.py", line 126, in import_module
    return _bootstrap._gcd_import(name[level:], package, level)
           ^^^^^^^^^^^^^^^^^^^^^^^^^^^^^^^^^^^^^^^^^^^^^^^^^^^^
  File "<frozen importlib._bootstrap>", line 1206, in _gcd_import
  File "<frozen importlib._bootstrap>", line 1178, in _find_and_load
  File "<frozen importlib._bootstrap>", line 1149, in _find_and_load_unlocked
  File "<frozen importlib._bootstrap>", line 690, in _load_unlocked
  File "<frozen importlib._bootstrap_external>", line 940, in exec_module
  File "<frozen importlib._bootstrap>", line 241, in _call_with_frames_removed
  File "/app/pyramids_medicine/wsgi.py", line 3, in <module>
    from django.core.wsgi import get_wsgi_application
ModuleNotFoundError: No module named 'django'
[2024-12-26 23:19:32 +0000] [17] [INFO] Worker exiting (pid: 17)
[2024-12-26 23:19:32 +0000] [16] [INFO] Shutting down: Master
[2024-12-26 23:19:32 +0000] [16] [INFO] Reason: Worker failed to boot.
[2024-12-26 23:23:42 +0000] [1] [INFO] Starting gunicorn 23.0.0
[2024-12-26 23:23:42 +0000] [1] [INFO] Listening at: http://0.0.0.0:8000 (1)
[2024-12-26 23:23:42 +0000] [1] [INFO] Using worker: sync
[2024-12-26 23:23:42 +0000] [7] [INFO] Booting worker with pid: 7
[2024-12-26 23:27:53 +0000] [1] [INFO] Handling signal: term
[2024-12-27 01:27:53 +0200] [7] [INFO] Worker exiting (pid: 7)
[2024-12-26 23:27:53 +0000] [1] [INFO] Shutting down: Master
[2024-12-26 23:28:07 +0000] [1] [INFO] Starting gunicorn 23.0.0
[2024-12-26 23:28:07 +0000] [1] [INFO] Listening at: http://0.0.0.0:8000 (1)
[2024-12-26 23:28:07 +0000] [1] [INFO] Using worker: sync
[2024-12-26 23:28:07 +0000] [7] [INFO] Booting worker with pid: 7
[2024-12-26 23:32:48 +0000] [1] [INFO] Handling signal: term
[2024-12-27 01:32:48 +0200] [7] [INFO] Worker exiting (pid: 7)
[2024-12-26 23:32:48 +0000] [1] [INFO] Shutting down: Master
[2024-12-26 23:32:49 +0000] [1] [INFO] Starting gunicorn 23.0.0
[2024-12-26 23:32:49 +0000] [1] [INFO] Listening at: http://0.0.0.0:8000 (1)
[2024-12-26 23:32:49 +0000] [1] [INFO] Using worker: sync
[2024-12-26 23:32:49 +0000] [7] [INFO] Booting worker with pid: 7
[2024-12-26 23:33:00 +0000] [1] [INFO] Handling signal: term
[2024-12-27 01:33:00 +0200] [7] [INFO] Worker exiting (pid: 7)
[2024-12-26 23:33:00 +0000] [1] [INFO] Shutting down: Master
[2024-12-26 23:33:03 +0000] [1] [INFO] Starting gunicorn 23.0.0
[2024-12-26 23:33:03 +0000] [1] [INFO] Listening at: http://0.0.0.0:8000 (1)
[2024-12-26 23:33:03 +0000] [1] [INFO] Using worker: sync
[2024-12-26 23:33:03 +0000] [7] [INFO] Booting worker with pid: 7
[2024-12-26 23:33:33 +0000] [1] [INFO] Handling signal: term
[2024-12-27 01:33:33 +0200] [7] [INFO] Worker exiting (pid: 7)
[2024-12-26 23:33:34 +0000] [1] [INFO] Shutting down: Master
[2024-12-26 23:33:37 +0000] [1] [INFO] Starting gunicorn 23.0.0
[2024-12-26 23:33:37 +0000] [1] [INFO] Listening at: http://0.0.0.0:8000 (1)
[2024-12-26 23:33:37 +0000] [1] [INFO] Using worker: sync
[2024-12-26 23:33:37 +0000] [7] [INFO] Booting worker with pid: 7
[2024-12-26 23:38:00 +0000] [1] [INFO] Handling signal: term
[2024-12-27 01:38:00 +0200] [7] [INFO] Worker exiting (pid: 7)
[2024-12-26 23:38:00 +0000] [1] [INFO] Shutting down: Master
[2024-12-26 23:38:03 +0000] [1] [INFO] Starting gunicorn 23.0.0
[2024-12-26 23:38:03 +0000] [1] [INFO] Listening at: http://0.0.0.0:8000 (1)
[2024-12-26 23:38:03 +0000] [1] [INFO] Using worker: sync
[2024-12-26 23:38:03 +0000] [7] [INFO] Booting worker with pid: 7
[2024-12-26 23:42:20 +0000] [1] [INFO] Handling signal: term
[2024-12-27 01:42:20 +0200] [7] [INFO] Worker exiting (pid: 7)
[2024-12-26 23:42:20 +0000] [1] [INFO] Shutting down: Master
[2024-12-26 23:42:24 +0000] [1] [INFO] Starting gunicorn 23.0.0
[2024-12-26 23:42:24 +0000] [1] [INFO] Listening at: http://0.0.0.0:8000 (1)
[2024-12-26 23:42:24 +0000] [1] [INFO] Using worker: sync
[2024-12-26 23:42:24 +0000] [7] [INFO] Booting worker with pid: 7
[2024-12-26 23:43:10 +0000] [1] [INFO] Handling signal: term
[2024-12-27 01:43:10 +0200] [7] [INFO] Worker exiting (pid: 7)
[2024-12-26 23:43:10 +0000] [1] [INFO] Shutting down: Master
[2024-12-26 23:43:14 +0000] [1] [INFO] Starting gunicorn 23.0.0
[2024-12-26 23:43:14 +0000] [1] [INFO] Listening at: http://0.0.0.0:8000 (1)
[2024-12-26 23:43:14 +0000] [1] [INFO] Using worker: sync
[2024-12-26 23:43:14 +0000] [7] [INFO] Booting worker with pid: 7
[2024-12-26 23:55:56 +0000] [1] [INFO] Handling signal: term
[2024-12-27 01:55:56 +0200] [7] [INFO] Worker exiting (pid: 7)
[2024-12-26 23:55:56 +0000] [1] [INFO] Shutting down: Master
[2024-12-26 23:55:59 +0000] [1] [INFO] Starting gunicorn 23.0.0
[2024-12-26 23:55:59 +0000] [1] [INFO] Listening at: http://0.0.0.0:8000 (1)
[2024-12-26 23:55:59 +0000] [1] [INFO] Using worker: sync
[2024-12-26 23:55:59 +0000] [7] [INFO] Booting worker with pid: 7
[2024-12-27 00:42:44 +0000] [1] [INFO] Handling signal: term
[2024-12-27 02:42:44 +0200] [7] [INFO] Worker exiting (pid: 7)
[2024-12-27 00:42:44 +0000] [1] [INFO] Shutting down: Master
[2024-12-27 00:42:47 +0000] [1] [INFO] Starting gunicorn 23.0.0
[2024-12-27 00:42:47 +0000] [1] [INFO] Listening at: http://0.0.0.0:8000 (1)
[2024-12-27 00:42:47 +0000] [1] [INFO] Using worker: sync
[2024-12-27 00:42:47 +0000] [7] [INFO] Booting worker with pid: 7
[2024-12-27 00:45:11 +0000] [1] [INFO] Handling signal: term
[2024-12-27 02:45:11 +0200] [7] [INFO] Worker exiting (pid: 7)
[2024-12-27 00:45:11 +0000] [1] [INFO] Shutting down: Master
[2024-12-27 00:45:13 +0000] [1] [INFO] Starting gunicorn 23.0.0
[2024-12-27 00:45:13 +0000] [1] [INFO] Listening at: http://0.0.0.0:8000 (1)
[2024-12-27 00:45:13 +0000] [1] [INFO] Using worker: sync
[2024-12-27 00:45:13 +0000] [7] [INFO] Booting worker with pid: 7
[2024-12-27 00:45:58 +0000] [1] [INFO] Handling signal: term
[2024-12-27 02:45:58 +0200] [7] [INFO] Worker exiting (pid: 7)
[2024-12-27 00:45:58 +0000] [1] [INFO] Shutting down: Master
[2024-12-27 00:46:02 +0000] [1] [INFO] Starting gunicorn 23.0.0
[2024-12-27 00:46:02 +0000] [1] [INFO] Listening at: http://0.0.0.0:8000 (1)
[2024-12-27 00:46:02 +0000] [1] [INFO] Using worker: sync
[2024-12-27 00:46:02 +0000] [7] [INFO] Booting worker with pid: 7
[2024-12-27 00:49:34 +0000] [1] [INFO] Handling signal: term
[2024-12-27 02:49:34 +0200] [7] [INFO] Worker exiting (pid: 7)
[2024-12-27 00:49:34 +0000] [1] [INFO] Shutting down: Master
[2024-12-27 00:49:38 +0000] [1] [INFO] Starting gunicorn 23.0.0
[2024-12-27 00:49:38 +0000] [1] [INFO] Listening at: http://0.0.0.0:8000 (1)
[2024-12-27 00:49:38 +0000] [1] [INFO] Using worker: sync
[2024-12-27 00:49:38 +0000] [7] [INFO] Booting worker with pid: 7
[2024-12-27 00:53:12 +0000] [1] [INFO] Handling signal: term
[2024-12-27 02:53:12 +0200] [7] [INFO] Worker exiting (pid: 7)
[2024-12-27 00:53:12 +0000] [1] [INFO] Shutting down: Master
[2024-12-27 00:53:15 +0000] [1] [INFO] Starting gunicorn 23.0.0
[2024-12-27 00:53:15 +0000] [1] [INFO] Listening at: http://0.0.0.0:8000 (1)
[2024-12-27 00:53:15 +0000] [1] [INFO] Using worker: sync
[2024-12-27 00:53:15 +0000] [7] [INFO] Booting worker with pid: 7
[2024-12-27 00:54:18 +0000] [1] [INFO] Handling signal: term
[2024-12-27 02:54:18 +0200] [7] [INFO] Worker exiting (pid: 7)
[2024-12-27 00:54:18 +0000] [1] [INFO] Shutting down: Master
[2024-12-27 00:54:21 +0000] [1] [INFO] Starting gunicorn 23.0.0
[2024-12-27 00:54:21 +0000] [1] [INFO] Listening at: http://0.0.0.0:8000 (1)
[2024-12-27 00:54:21 +0000] [1] [INFO] Using worker: sync
[2024-12-27 00:54:21 +0000] [7] [INFO] Booting worker with pid: 7
[2024-12-27 00:55:59 +0000] [1] [INFO] Handling signal: term
[2024-12-27 02:55:59 +0200] [7] [INFO] Worker exiting (pid: 7)
[2024-12-27 00:56:00 +0000] [1] [INFO] Shutting down: Master
[2024-12-27 00:56:02 +0000] [1] [INFO] Starting gunicorn 23.0.0
[2024-12-27 00:56:02 +0000] [1] [INFO] Listening at: http://0.0.0.0:8000 (1)
[2024-12-27 00:56:02 +0000] [1] [INFO] Using worker: sync
[2024-12-27 00:56:02 +0000] [7] [INFO] Booting worker with pid: 7
[2024-12-27 00:59:07 +0000] [1] [INFO] Handling signal: term
[2024-12-27 02:59:07 +0200] [7] [INFO] Worker exiting (pid: 7)
[2024-12-27 00:59:07 +0000] [1] [INFO] Shutting down: Master
[2024-12-27 00:59:10 +0000] [1] [INFO] Starting gunicorn 23.0.0
[2024-12-27 00:59:10 +0000] [1] [INFO] Listening at: http://0.0.0.0:8000 (1)
[2024-12-27 00:59:10 +0000] [1] [INFO] Using worker: sync
[2024-12-27 00:59:10 +0000] [7] [INFO] Booting worker with pid: 7
[2024-12-27 00:59:54 +0000] [1] [INFO] Handling signal: term
[2024-12-27 02:59:54 +0200] [7] [INFO] Worker exiting (pid: 7)
[2024-12-27 00:59:54 +0000] [1] [INFO] Shutting down: Master
[2024-12-27 00:59:57 +0000] [1] [INFO] Starting gunicorn 23.0.0
[2024-12-27 00:59:57 +0000] [1] [INFO] Listening at: http://0.0.0.0:8000 (1)
[2024-12-27 00:59:57 +0000] [1] [INFO] Using worker: sync
[2024-12-27 00:59:57 +0000] [7] [INFO] Booting worker with pid: 7
[2024-12-27 01:00:25 +0000] [1] [INFO] Handling signal: term
[2024-12-27 03:00:25 +0200] [7] [INFO] Worker exiting (pid: 7)
[2024-12-27 13:27:37 +0000] [1] [INFO] Starting gunicorn 23.0.0
[2024-12-27 13:27:37 +0000] [1] [INFO] Listening at: http://0.0.0.0:8000 (1)
[2024-12-27 13:27:37 +0000] [1] [INFO] Using worker: sync
[2024-12-27 13:27:37 +0000] [7] [INFO] Booting worker with pid: 7
[2024-12-27 13:28:39 +0000] [1] [INFO] Handling signal: term
[2024-12-27 15:28:39 +0200] [7] [INFO] Worker exiting (pid: 7)
[2024-12-27 13:28:39 +0000] [1] [INFO] Shutting down: Master
[2024-12-27 13:28:42 +0000] [1] [INFO] Starting gunicorn 23.0.0
[2024-12-27 13:28:42 +0000] [1] [INFO] Listening at: http://0.0.0.0:8000 (1)
[2024-12-27 13:28:42 +0000] [1] [INFO] Using worker: sync
[2024-12-27 13:28:42 +0000] [7] [INFO] Booting worker with pid: 7
[2024-12-27 13:32:13 +0000] [1] [INFO] Handling signal: term
[2024-12-27 15:32:13 +0200] [7] [INFO] Worker exiting (pid: 7)
[2024-12-27 13:32:13 +0000] [1] [INFO] Shutting down: Master
[2024-12-27 13:32:16 +0000] [1] [INFO] Starting gunicorn 23.0.0
[2024-12-27 13:32:16 +0000] [1] [INFO] Listening at: http://0.0.0.0:8000 (1)
[2024-12-27 13:32:16 +0000] [1] [INFO] Using worker: sync
[2024-12-27 13:32:16 +0000] [8] [INFO] Booting worker with pid: 8
[2024-12-27 14:38:52 +0000] [1] [INFO] Handling signal: term
[2024-12-27 16:38:52 +0200] [8] [INFO] Worker exiting (pid: 8)
[2024-12-27 14:38:52 +0000] [1] [INFO] Shutting down: Master
[2024-12-27 14:38:54 +0000] [1] [INFO] Starting gunicorn 23.0.0
[2024-12-27 14:38:54 +0000] [1] [INFO] Listening at: http://0.0.0.0:8000 (1)
[2024-12-27 14:38:54 +0000] [1] [INFO] Using worker: sync
[2024-12-27 14:38:54 +0000] [7] [INFO] Booting worker with pid: 7
[2024-12-27 14:39:13 +0000] [1] [INFO] Handling signal: term
[2024-12-27 16:39:13 +0200] [7] [INFO] Worker exiting (pid: 7)
[2024-12-27 14:39:13 +0000] [1] [INFO] Shutting down: Master
[2024-12-27 14:39:16 +0000] [1] [INFO] Starting gunicorn 23.0.0
[2024-12-27 14:39:16 +0000] [1] [INFO] Listening at: http://0.0.0.0:8000 (1)
[2024-12-27 14:39:16 +0000] [1] [INFO] Using worker: sync
[2024-12-27 14:39:16 +0000] [7] [INFO] Booting worker with pid: 7
[2024-12-27 14:40:36 +0000] [1] [INFO] Handling signal: term
[2024-12-27 16:40:36 +0200] [7] [INFO] Worker exiting (pid: 7)
[2024-12-27 14:40:36 +0000] [1] [INFO] Shutting down: Master
[2024-12-27 14:40:39 +0000] [1] [INFO] Starting gunicorn 23.0.0
[2024-12-27 14:40:39 +0000] [1] [INFO] Listening at: http://0.0.0.0:8000 (1)
[2024-12-27 14:40:39 +0000] [1] [INFO] Using worker: sync
[2024-12-27 14:40:39 +0000] [7] [INFO] Booting worker with pid: 7
[2024-12-27 14:42:16 +0000] [1] [INFO] Handling signal: term
[2024-12-27 16:42:16 +0200] [7] [INFO] Worker exiting (pid: 7)
[2024-12-27 14:42:16 +0000] [1] [INFO] Shutting down: Master
[2024-12-27 14:42:18 +0000] [1] [INFO] Starting gunicorn 23.0.0
[2024-12-27 14:42:18 +0000] [1] [INFO] Listening at: http://0.0.0.0:8000 (1)
[2024-12-27 14:42:18 +0000] [1] [INFO] Using worker: sync
[2024-12-27 14:42:18 +0000] [7] [INFO] Booting worker with pid: 7
